<?xml version="1.0" encoding="UTF-8"?>
<coverage generated="1604099420526" clover="3.2.0">
  <project timestamp="1604099420526" name="All files">
    <metrics statements="70" coveredstatements="66" conditionals="30" coveredconditionals="24" methods="26" coveredmethods="25" elements="126" coveredelements="115" complexity="0" loc="70" ncloc="70" packages="1" files="1" classes="1"/>
    <file name="index.ts" path="/home/ma/facile/day-4/src/index.ts">
      <metrics statements="70" coveredstatements="66" conditionals="30" coveredconditionals="24" methods="26" coveredmethods="25"/>
      <line num="1" count="1" type="stmt"/>
      <line num="2" count="1" type="stmt"/>
      <line num="3" count="1" type="stmt"/>
      <line num="5" count="1" type="stmt"/>
      <line num="6" count="17" type="stmt"/>
      <line num="7" count="17" type="stmt"/>
      <line num="8" count="1" type="stmt"/>
      <line num="10" count="1" type="stmt"/>
      <line num="14" count="17" type="stmt"/>
      <line num="21" count="1" type="stmt"/>
      <line num="22" count="33" type="stmt"/>
      <line num="23" count="33" type="stmt"/>
      <line num="24" count="1" type="stmt"/>
      <line num="26" count="1" type="stmt"/>
      <line num="27" count="0" type="stmt"/>
      <line num="28" count="1" type="stmt"/>
      <line num="30" count="1" type="stmt"/>
      <line num="31" count="0" type="stmt"/>
      <line num="32" count="1" type="stmt"/>
      <line num="34" count="17" type="stmt"/>
      <line num="38" count="17" type="stmt"/>
      <line num="44" count="1" type="stmt"/>
      <line num="48" count="1" type="stmt"/>
      <line num="49" count="0" type="stmt"/>
      <line num="50" count="1" type="stmt"/>
      <line num="52" count="1" type="stmt"/>
      <line num="53" count="0" type="stmt"/>
      <line num="57" count="1" type="stmt"/>
      <line num="58" count="17" type="stmt"/>
      <line num="59" count="17" type="stmt"/>
      <line num="60" count="1" type="stmt"/>
      <line num="62" count="1" type="stmt"/>
      <line num="63" count="17" type="stmt"/>
      <line num="64" count="17" type="stmt"/>
      <line num="66" count="17" type="stmt"/>
      <line num="86" count="1" type="stmt"/>
      <line num="87" count="33" type="stmt"/>
      <line num="88" count="33" type="stmt"/>
      <line num="89" count="1" type="stmt"/>
      <line num="97" count="1" type="stmt"/>
      <line num="98" count="17" type="stmt"/>
      <line num="101" count="17" type="stmt"/>
      <line num="104" count="17" type="stmt"/>
      <line num="115" count="1" type="stmt"/>
      <line num="120" count="16" type="stmt"/>
      <line num="131" count="1" type="stmt"/>
      <line num="132" count="16" type="stmt"/>
      <line num="133" count="16" type="stmt"/>
      <line num="135" count="4" type="stmt"/>
      <line num="137" count="1" type="stmt"/>
      <line num="147" count="1" type="stmt"/>
      <line num="157" count="1" type="stmt"/>
      <line num="167" count="1" type="stmt"/>
      <line num="179" count="4" type="stmt"/>
      <line num="181" count="1" type="stmt"/>
      <line num="191" count="1" type="stmt"/>
      <line num="201" count="1" type="stmt"/>
      <line num="211" count="1" type="stmt"/>
      <line num="223" count="4" type="stmt"/>
      <line num="225" count="1" type="stmt"/>
      <line num="235" count="1" type="stmt"/>
      <line num="245" count="1" type="stmt"/>
      <line num="255" count="1" type="stmt"/>
      <line num="267" count="4" type="stmt"/>
      <line num="269" count="1" type="stmt"/>
      <line num="279" count="1" type="stmt"/>
      <line num="289" count="1" type="stmt"/>
      <line num="299" count="1" type="stmt"/>
      <line num="314" count="1" type="stmt"/>
      <line num="315" count="16" type="stmt"/>
    </file>
  </project>
</coverage>
