{"/home/ma/facile/day-4/src/index.ts": {"path":"/home/ma/facile/day-4/src/index.ts","statementMap":{"0":{"start":{"line":1,"column":0},"end":{"line":1,"column":33}},"1":{"start":{"line":2,"column":0},"end":{"line":2,"column":35}},"2":{"start":{"line":3,"column":0},"end":{"line":3,"column":35}},"3":{"start":{"line":5,"column":0},"end":{"line":5,"column":13}},"4":{"start":{"line":7,"column":23},"end":{"line":7,"column":35}},"5":{"start":{"line":7,"column":46},"end":{"line":7,"column":59}},"6":{"start":{"line":6,"column":11},"end":{"line":6,"column":null}},"7":{"start":{"line":8,"column":0},"end":{"line":8,"column":null}},"8":{"start":{"line":5,"column":13},"end":{"line":5,"column":19}},"9":{"start":{"line":14,"column":2},"end":{"line":18,"column":null}},"10":{"start":{"line":10,"column":0},"end":{"line":10,"column":16}},"11":{"start":{"line":21,"column":0},"end":{"line":21,"column":13}},"12":{"start":{"line":23,"column":23},"end":{"line":23,"column":31}},"13":{"start":{"line":23,"column":42},"end":{"line":23,"column":50}},"14":{"start":{"line":22,"column":11},"end":{"line":22,"column":null}},"15":{"start":{"line":24,"column":0},"end":{"line":24,"column":null}},"16":{"start":{"line":21,"column":13},"end":{"line":21,"column":21}},"17":{"start":{"line":26,"column":0},"end":{"line":26,"column":13}},"18":{"start":{"line":27,"column":11},"end":{"line":27,"column":null}},"19":{"start":{"line":28,"column":0},"end":{"line":28,"column":null}},"20":{"start":{"line":26,"column":13},"end":{"line":26,"column":25}},"21":{"start":{"line":30,"column":0},"end":{"line":30,"column":13}},"22":{"start":{"line":31,"column":11},"end":{"line":31,"column":null}},"23":{"start":{"line":32,"column":0},"end":{"line":32,"column":null}},"24":{"start":{"line":30,"column":13},"end":{"line":30,"column":26}},"25":{"start":{"line":34,"column":13},"end":{"line":42,"column":null}},"26":{"start":{"line":34,"column":48},"end":{"line":42,"column":null}},"27":{"start":{"line":38,"column":2},"end":{"line":42,"column":null}},"28":{"start":{"line":44,"column":13},"end":{"line":44,"column":null}},"29":{"start":{"line":48,"column":0},"end":{"line":48,"column":13}},"30":{"start":{"line":49,"column":11},"end":{"line":49,"column":null}},"31":{"start":{"line":50,"column":0},"end":{"line":50,"column":null}},"32":{"start":{"line":48,"column":13},"end":{"line":48,"column":31}},"33":{"start":{"line":52,"column":13},"end":{"line":55,"column":null}},"34":{"start":{"line":53,"column":2},"end":{"line":55,"column":null}},"35":{"start":{"line":57,"column":0},"end":{"line":57,"column":13}},"36":{"start":{"line":59,"column":23},"end":{"line":59,"column":41}},"37":{"start":{"line":59,"column":52},"end":{"line":59,"column":76}},"38":{"start":{"line":58,"column":11},"end":{"line":58,"column":null}},"39":{"start":{"line":60,"column":0},"end":{"line":60,"column":null}},"40":{"start":{"line":57,"column":13},"end":{"line":57,"column":18}},"41":{"start":{"line":63,"column":2},"end":{"line":67,"column":null}},"42":{"start":{"line":64,"column":4},"end":{"line":67,"column":null}},"43":{"start":{"line":66,"column":26},"end":{"line":66,"column":65}},"44":{"start":{"line":62,"column":0},"end":{"line":62,"column":16}},"45":{"start":{"line":86,"column":0},"end":{"line":86,"column":13}},"46":{"start":{"line":88,"column":23},"end":{"line":88,"column":41}},"47":{"start":{"line":88,"column":52},"end":{"line":88,"column":76}},"48":{"start":{"line":87,"column":11},"end":{"line":87,"column":null}},"49":{"start":{"line":89,"column":0},"end":{"line":89,"column":null}},"50":{"start":{"line":86,"column":13},"end":{"line":86,"column":18}},"51":{"start":{"line":98,"column":2},"end":{"line":112,"column":null}},"52":{"start":{"line":101,"column":6},"end":{"line":110,"column":null}},"53":{"start":{"line":104,"column":35},"end":{"line":108,"column":null}},"54":{"start":{"line":97,"column":0},"end":{"line":97,"column":16}},"55":{"start":{"line":120,"column":2},"end":{"line":127,"column":null}},"56":{"start":{"line":115,"column":0},"end":{"line":115,"column":16}},"57":{"start":{"line":132,"column":2},"end":{"line":311,"column":null}},"58":{"start":{"line":133,"column":4},"end":{"line":310,"column":null}},"59":{"start":{"line":135,"column":8},"end":{"line":176,"column":null}},"60":{"start":{"line":137,"column":12},"end":{"line":144,"column":null}},"61":{"start":{"line":147,"column":12},"end":{"line":154,"column":null}},"62":{"start":{"line":157,"column":12},"end":{"line":164,"column":null}},"63":{"start":{"line":167,"column":12},"end":{"line":174,"column":null}},"64":{"start":{"line":179,"column":8},"end":{"line":220,"column":null}},"65":{"start":{"line":181,"column":12},"end":{"line":188,"column":null}},"66":{"start":{"line":191,"column":12},"end":{"line":198,"column":null}},"67":{"start":{"line":201,"column":12},"end":{"line":208,"column":null}},"68":{"start":{"line":211,"column":12},"end":{"line":218,"column":null}},"69":{"start":{"line":223,"column":8},"end":{"line":264,"column":null}},"70":{"start":{"line":225,"column":12},"end":{"line":232,"column":null}},"71":{"start":{"line":235,"column":12},"end":{"line":242,"column":null}},"72":{"start":{"line":245,"column":12},"end":{"line":252,"column":null}},"73":{"start":{"line":255,"column":12},"end":{"line":262,"column":null}},"74":{"start":{"line":267,"column":8},"end":{"line":308,"column":null}},"75":{"start":{"line":269,"column":12},"end":{"line":276,"column":null}},"76":{"start":{"line":279,"column":12},"end":{"line":286,"column":null}},"77":{"start":{"line":289,"column":12},"end":{"line":296,"column":null}},"78":{"start":{"line":299,"column":12},"end":{"line":306,"column":null}},"79":{"start":{"line":131,"column":0},"end":{"line":131,"column":16}},"80":{"start":{"line":315,"column":2},"end":{"line":315,"column":null}},"81":{"start":{"line":315,"column":46},"end":{"line":315,"column":null}},"82":{"start":{"line":314,"column":0},"end":{"line":314,"column":16}}},"fnMap":{"0":{"name":"(anonymous_4)","decl":{"start":{"line":5,"column":0},"end":{"line":5,"column":13}},"loc":{"start":{"line":5,"column":0},"end":{"line":8,"column":null}}},"1":{"name":"Planet","decl":{"start":{"line":7,"column":2},"end":{"line":7,"column":23}},"loc":{"start":{"line":7,"column":59},"end":{"line":7,"column":63}}},"2":{"name":"makePlanet","decl":{"start":{"line":10,"column":16},"end":{"line":10,"column":26}},"loc":{"start":{"line":12,"column":15},"end":{"line":19,"column":1}}},"3":{"name":"(anonymous_7)","decl":{"start":{"line":21,"column":0},"end":{"line":21,"column":13}},"loc":{"start":{"line":21,"column":0},"end":{"line":24,"column":null}}},"4":{"name":"Position","decl":{"start":{"line":23,"column":2},"end":{"line":23,"column":23}},"loc":{"start":{"line":23,"column":50},"end":{"line":23,"column":54}}},"5":{"name":"(anonymous_9)","decl":{"start":{"line":26,"column":0},"end":{"line":26,"column":13}},"loc":{"start":{"line":26,"column":0},"end":{"line":28,"column":null}}},"6":{"name":"(anonymous_11)","decl":{"start":{"line":30,"column":0},"end":{"line":30,"column":13}},"loc":{"start":{"line":30,"column":0},"end":{"line":32,"column":null}}},"7":{"name":"(anonymous_13)","decl":{"start":{"line":34,"column":28},"end":{"line":34,"column":29}},"loc":{"start":{"line":34,"column":43},"end":{"line":34,"column":null}}},"8":{"name":"(anonymous_14)","decl":{"start":{"line":34,"column":48},"end":{"line":34,"column":null}},"loc":{"start":{"line":36,"column":10},"end":{"line":38,"column":3}}},"9":{"name":"(anonymous_15)","decl":{"start":{"line":48,"column":0},"end":{"line":48,"column":13}},"loc":{"start":{"line":48,"column":0},"end":{"line":50,"column":null}}},"10":{"name":"(anonymous_17)","decl":{"start":{"line":52,"column":31},"end":{"line":52,"column":32}},"loc":{"start":{"line":52,"column":41},"end":{"line":53,"column":19}}},"11":{"name":"(anonymous_18)","decl":{"start":{"line":57,"column":0},"end":{"line":57,"column":13}},"loc":{"start":{"line":57,"column":0},"end":{"line":60,"column":null}}},"12":{"name":"Rover","decl":{"start":{"line":59,"column":2},"end":{"line":59,"column":23}},"loc":{"start":{"line":59,"column":76},"end":{"line":59,"column":80}}},"13":{"name":"makeRover","decl":{"start":{"line":62,"column":16},"end":{"line":62,"column":25}},"loc":{"start":{"line":62,"column":40},"end":{"line":68,"column":1}}},"14":{"name":"(anonymous_21)","decl":{"start":{"line":63,"column":9},"end":{"line":63,"column":10}},"loc":{"start":{"line":63,"column":39},"end":{"line":64,"column":8}}},"15":{"name":"(anonymous_22)","decl":{"start":{"line":66,"column":12},"end":{"line":66,"column":13}},"loc":{"start":{"line":66,"column":21},"end":{"line":66,"column":30}}},"16":{"name":"(anonymous_23)","decl":{"start":{"line":86,"column":0},"end":{"line":86,"column":13}},"loc":{"start":{"line":86,"column":0},"end":{"line":89,"column":null}}},"17":{"name":"Point","decl":{"start":{"line":88,"column":2},"end":{"line":88,"column":23}},"loc":{"start":{"line":88,"column":76},"end":{"line":88,"column":80}}},"18":{"name":"initialState","decl":{"start":{"line":97,"column":16},"end":{"line":97,"column":28}},"loc":{"start":{"line":97,"column":50},"end":{"line":113,"column":1}}},"19":{"name":"(anonymous_26)","decl":{"start":{"line":100,"column":12},"end":{"line":100,"column":13}},"loc":{"start":{"line":100,"column":19},"end":{"line":101,"column":10}}},"20":{"name":"(anonymous_27)","decl":{"start":{"line":104,"column":10},"end":{"line":104,"column":11}},"loc":{"start":{"line":104,"column":16},"end":{"line":104,"column":36}}},"21":{"name":"nextPosition","decl":{"start":{"line":115,"column":16},"end":{"line":115,"column":28}},"loc":{"start":{"line":118,"column":26},"end":{"line":129,"column":1}}},"22":{"name":"move","decl":{"start":{"line":131,"column":16},"end":{"line":131,"column":20}},"loc":{"start":{"line":131,"column":37},"end":{"line":312,"column":1}}},"23":{"name":"(anonymous_30)","decl":{"start":{"line":132,"column":9},"end":{"line":132,"column":10}},"loc":{"start":{"line":132,"column":29},"end":{"line":311,"column":3}}},"24":{"name":"nextMove","decl":{"start":{"line":314,"column":16},"end":{"line":314,"column":24}},"loc":{"start":{"line":314,"column":41},"end":{"line":316,"column":1}}},"25":{"name":"(anonymous_32)","decl":{"start":{"line":315,"column":9},"end":{"line":315,"column":13}},"loc":{"start":{"line":315,"column":41},"end":{"line":315,"column":50}}}},"branchMap":{"0":{"loc":{"start":{"line":15,"column":6},"end":{"line":17,"column":35}},"type":"cond-expr","locations":[{"start":{"line":15,"column":6},"end":{"line":17,"column":35}},{"start":{"line":18,"column":6},"end":{"line":18,"column":32}}]},"1":{"loc":{"start":{"line":16,"column":8},"end":{"line":16,"column":42}},"type":"cond-expr","locations":[{"start":{"line":16,"column":8},"end":{"line":16,"column":42}},{"start":{"line":17,"column":8},"end":{"line":17,"column":35}}]},"2":{"loc":{"start":{"line":39,"column":6},"end":{"line":41,"column":35}},"type":"cond-expr","locations":[{"start":{"line":39,"column":6},"end":{"line":41,"column":35}},{"start":{"line":42,"column":6},"end":{"line":42,"column":32}}]},"3":{"loc":{"start":{"line":40,"column":8},"end":{"line":40,"column":35}},"type":"cond-expr","locations":[{"start":{"line":40,"column":8},"end":{"line":40,"column":35}},{"start":{"line":41,"column":8},"end":{"line":41,"column":35}}]},"4":{"loc":{"start":{"line":54,"column":6},"end":{"line":54,"column":29}},"type":"cond-expr","locations":[{"start":{"line":54,"column":6},"end":{"line":54,"column":29}},{"start":{"line":55,"column":6},"end":{"line":55,"column":38}}]},"5":{"loc":{"start":{"line":134,"column":6},"end":{"line":177,"column":null}},"type":"switch","locations":[{"start":{"line":134,"column":6},"end":{"line":177,"column":null}},{"start":{"line":178,"column":6},"end":{"line":221,"column":null}},{"start":{"line":222,"column":6},"end":{"line":265,"column":null}},{"start":{"line":266,"column":6},"end":{"line":309,"column":null}}]},"6":{"loc":{"start":{"line":136,"column":10},"end":{"line":145,"column":null}},"type":"switch","locations":[{"start":{"line":136,"column":10},"end":{"line":145,"column":null}},{"start":{"line":146,"column":10},"end":{"line":155,"column":null}},{"start":{"line":156,"column":10},"end":{"line":165,"column":null}},{"start":{"line":166,"column":10},"end":{"line":175,"column":null}}]},"7":{"loc":{"start":{"line":180,"column":10},"end":{"line":189,"column":null}},"type":"switch","locations":[{"start":{"line":180,"column":10},"end":{"line":189,"column":null}},{"start":{"line":190,"column":10},"end":{"line":199,"column":null}},{"start":{"line":200,"column":10},"end":{"line":209,"column":null}},{"start":{"line":210,"column":10},"end":{"line":219,"column":null}}]},"8":{"loc":{"start":{"line":224,"column":10},"end":{"line":233,"column":null}},"type":"switch","locations":[{"start":{"line":224,"column":10},"end":{"line":233,"column":null}},{"start":{"line":234,"column":10},"end":{"line":243,"column":null}},{"start":{"line":244,"column":10},"end":{"line":253,"column":null}},{"start":{"line":254,"column":10},"end":{"line":263,"column":null}}]},"9":{"loc":{"start":{"line":268,"column":10},"end":{"line":277,"column":null}},"type":"switch","locations":[{"start":{"line":268,"column":10},"end":{"line":277,"column":null}},{"start":{"line":278,"column":10},"end":{"line":287,"column":null}},{"start":{"line":288,"column":10},"end":{"line":297,"column":null}},{"start":{"line":298,"column":10},"end":{"line":307,"column":null}}]}},"s":{"0":1,"1":1,"2":1,"3":1,"4":17,"5":17,"6":17,"7":1,"8":1,"9":17,"10":1,"11":1,"12":33,"13":33,"14":33,"15":1,"16":1,"17":1,"18":0,"19":1,"20":1,"21":1,"22":0,"23":1,"24":1,"25":1,"26":17,"27":17,"28":1,"29":1,"30":0,"31":1,"32":1,"33":1,"34":0,"35":1,"36":17,"37":17,"38":17,"39":1,"40":1,"41":17,"42":17,"43":17,"44":1,"45":1,"46":33,"47":33,"48":33,"49":1,"50":1,"51":17,"52":17,"53":17,"54":1,"55":16,"56":1,"57":16,"58":16,"59":4,"60":1,"61":1,"62":1,"63":1,"64":4,"65":1,"66":1,"67":1,"68":1,"69":4,"70":1,"71":1,"72":1,"73":1,"74":4,"75":1,"76":1,"77":1,"78":1,"79":1,"80":16,"81":16,"82":1},"f":{"0":1,"1":17,"2":17,"3":1,"4":33,"5":1,"6":1,"7":17,"8":17,"9":1,"10":0,"11":1,"12":17,"13":17,"14":17,"15":17,"16":1,"17":33,"18":17,"19":17,"20":17,"21":16,"22":16,"23":16,"24":16,"25":16},"b":{"0":[17,0],"1":[17,0],"2":[17,0],"3":[17,0],"4":[0,0],"5":[4,4,4,4],"6":[1,1,1,1],"7":[1,1,1,1],"8":[1,1,1,1],"9":[1,1,1,1]}}
}
