{"/home/ma/facile/day-4/src/index.ts": {"path":"/home/ma/facile/day-4/src/index.ts","statementMap":{"0":{"start":{"line":1,"column":0},"end":{"line":1,"column":33}},"1":{"start":{"line":2,"column":0},"end":{"line":2,"column":35}},"2":{"start":{"line":3,"column":0},"end":{"line":3,"column":35}},"3":{"start":{"line":5,"column":0},"end":{"line":5,"column":13}},"4":{"start":{"line":7,"column":23},"end":{"line":7,"column":35}},"5":{"start":{"line":7,"column":46},"end":{"line":7,"column":59}},"6":{"start":{"line":6,"column":11},"end":{"line":6,"column":null}},"7":{"start":{"line":8,"column":0},"end":{"line":8,"column":null}},"8":{"start":{"line":5,"column":13},"end":{"line":5,"column":19}},"9":{"start":{"line":14,"column":2},"end":{"line":18,"column":null}},"10":{"start":{"line":10,"column":0},"end":{"line":10,"column":16}},"11":{"start":{"line":21,"column":0},"end":{"line":21,"column":13}},"12":{"start":{"line":23,"column":23},"end":{"line":23,"column":31}},"13":{"start":{"line":23,"column":42},"end":{"line":23,"column":50}},"14":{"start":{"line":22,"column":11},"end":{"line":22,"column":null}},"15":{"start":{"line":24,"column":0},"end":{"line":24,"column":null}},"16":{"start":{"line":21,"column":13},"end":{"line":21,"column":21}},"17":{"start":{"line":26,"column":0},"end":{"line":26,"column":13}},"18":{"start":{"line":27,"column":11},"end":{"line":27,"column":null}},"19":{"start":{"line":28,"column":0},"end":{"line":28,"column":null}},"20":{"start":{"line":26,"column":13},"end":{"line":26,"column":25}},"21":{"start":{"line":30,"column":0},"end":{"line":30,"column":13}},"22":{"start":{"line":31,"column":11},"end":{"line":31,"column":null}},"23":{"start":{"line":32,"column":0},"end":{"line":32,"column":null}},"24":{"start":{"line":30,"column":13},"end":{"line":30,"column":26}},"25":{"start":{"line":34,"column":13},"end":{"line":42,"column":null}},"26":{"start":{"line":34,"column":48},"end":{"line":42,"column":null}},"27":{"start":{"line":38,"column":2},"end":{"line":42,"column":null}},"28":{"start":{"line":44,"column":13},"end":{"line":44,"column":null}},"29":{"start":{"line":48,"column":0},"end":{"line":48,"column":13}},"30":{"start":{"line":49,"column":11},"end":{"line":49,"column":null}},"31":{"start":{"line":50,"column":0},"end":{"line":50,"column":null}},"32":{"start":{"line":48,"column":13},"end":{"line":48,"column":31}},"33":{"start":{"line":52,"column":13},"end":{"line":55,"column":null}},"34":{"start":{"line":53,"column":2},"end":{"line":55,"column":null}},"35":{"start":{"line":57,"column":0},"end":{"line":57,"column":13}},"36":{"start":{"line":59,"column":23},"end":{"line":59,"column":41}},"37":{"start":{"line":59,"column":52},"end":{"line":59,"column":76}},"38":{"start":{"line":58,"column":11},"end":{"line":58,"column":null}},"39":{"start":{"line":60,"column":0},"end":{"line":60,"column":null}},"40":{"start":{"line":57,"column":13},"end":{"line":57,"column":18}},"41":{"start":{"line":63,"column":2},"end":{"line":67,"column":null}},"42":{"start":{"line":64,"column":4},"end":{"line":67,"column":null}},"43":{"start":{"line":66,"column":26},"end":{"line":66,"column":65}},"44":{"start":{"line":62,"column":0},"end":{"line":62,"column":16}},"45":{"start":{"line":92,"column":2},"end":{"line":100,"column":null}},"46":{"start":{"line":95,"column":6},"end":{"line":98,"column":null}},"47":{"start":{"line":97,"column":39},"end":{"line":97,"column":59}},"48":{"start":{"line":91,"column":0},"end":{"line":91,"column":16}},"49":{"start":{"line":104,"column":2},"end":{"line":315,"column":null}},"50":{"start":{"line":105,"column":4},"end":{"line":314,"column":null}},"51":{"start":{"line":107,"column":8},"end":{"line":156,"column":null}},"52":{"start":{"line":109,"column":12},"end":{"line":118,"column":null}},"53":{"start":{"line":121,"column":12},"end":{"line":130,"column":null}},"54":{"start":{"line":133,"column":12},"end":{"line":142,"column":null}},"55":{"start":{"line":145,"column":12},"end":{"line":154,"column":null}},"56":{"start":{"line":159,"column":8},"end":{"line":208,"column":null}},"57":{"start":{"line":161,"column":12},"end":{"line":170,"column":null}},"58":{"start":{"line":173,"column":12},"end":{"line":182,"column":null}},"59":{"start":{"line":185,"column":12},"end":{"line":194,"column":null}},"60":{"start":{"line":197,"column":12},"end":{"line":206,"column":null}},"61":{"start":{"line":211,"column":8},"end":{"line":260,"column":null}},"62":{"start":{"line":213,"column":12},"end":{"line":222,"column":null}},"63":{"start":{"line":225,"column":12},"end":{"line":234,"column":null}},"64":{"start":{"line":237,"column":12},"end":{"line":246,"column":null}},"65":{"start":{"line":249,"column":12},"end":{"line":258,"column":null}},"66":{"start":{"line":263,"column":8},"end":{"line":312,"column":null}},"67":{"start":{"line":265,"column":12},"end":{"line":274,"column":null}},"68":{"start":{"line":277,"column":12},"end":{"line":286,"column":null}},"69":{"start":{"line":289,"column":12},"end":{"line":298,"column":null}},"70":{"start":{"line":301,"column":12},"end":{"line":310,"column":null}},"71":{"start":{"line":103,"column":0},"end":{"line":103,"column":16}},"72":{"start":{"line":319,"column":2},"end":{"line":319,"column":null}},"73":{"start":{"line":319,"column":46},"end":{"line":319,"column":null}},"74":{"start":{"line":318,"column":0},"end":{"line":318,"column":16}}},"fnMap":{"0":{"name":"(anonymous_0)","decl":{"start":{"line":5,"column":0},"end":{"line":5,"column":13}},"loc":{"start":{"line":5,"column":0},"end":{"line":8,"column":null}}},"1":{"name":"Planet","decl":{"start":{"line":7,"column":2},"end":{"line":7,"column":23}},"loc":{"start":{"line":7,"column":59},"end":{"line":7,"column":63}}},"2":{"name":"makePlanet","decl":{"start":{"line":10,"column":16},"end":{"line":10,"column":26}},"loc":{"start":{"line":12,"column":15},"end":{"line":19,"column":1}}},"3":{"name":"(anonymous_3)","decl":{"start":{"line":21,"column":0},"end":{"line":21,"column":13}},"loc":{"start":{"line":21,"column":0},"end":{"line":24,"column":null}}},"4":{"name":"Position","decl":{"start":{"line":23,"column":2},"end":{"line":23,"column":23}},"loc":{"start":{"line":23,"column":50},"end":{"line":23,"column":54}}},"5":{"name":"(anonymous_5)","decl":{"start":{"line":26,"column":0},"end":{"line":26,"column":13}},"loc":{"start":{"line":26,"column":0},"end":{"line":28,"column":null}}},"6":{"name":"(anonymous_7)","decl":{"start":{"line":30,"column":0},"end":{"line":30,"column":13}},"loc":{"start":{"line":30,"column":0},"end":{"line":32,"column":null}}},"7":{"name":"(anonymous_9)","decl":{"start":{"line":34,"column":28},"end":{"line":34,"column":29}},"loc":{"start":{"line":34,"column":43},"end":{"line":34,"column":null}}},"8":{"name":"(anonymous_10)","decl":{"start":{"line":34,"column":48},"end":{"line":34,"column":null}},"loc":{"start":{"line":36,"column":10},"end":{"line":38,"column":3}}},"9":{"name":"(anonymous_11)","decl":{"start":{"line":48,"column":0},"end":{"line":48,"column":13}},"loc":{"start":{"line":48,"column":0},"end":{"line":50,"column":null}}},"10":{"name":"(anonymous_13)","decl":{"start":{"line":52,"column":31},"end":{"line":52,"column":32}},"loc":{"start":{"line":52,"column":41},"end":{"line":53,"column":19}}},"11":{"name":"(anonymous_14)","decl":{"start":{"line":57,"column":0},"end":{"line":57,"column":13}},"loc":{"start":{"line":57,"column":0},"end":{"line":60,"column":null}}},"12":{"name":"Rover","decl":{"start":{"line":59,"column":2},"end":{"line":59,"column":23}},"loc":{"start":{"line":59,"column":76},"end":{"line":59,"column":80}}},"13":{"name":"makeRover","decl":{"start":{"line":62,"column":16},"end":{"line":62,"column":25}},"loc":{"start":{"line":62,"column":40},"end":{"line":68,"column":1}}},"14":{"name":"(anonymous_17)","decl":{"start":{"line":63,"column":9},"end":{"line":63,"column":10}},"loc":{"start":{"line":63,"column":39},"end":{"line":64,"column":8}}},"15":{"name":"(anonymous_18)","decl":{"start":{"line":66,"column":12},"end":{"line":66,"column":13}},"loc":{"start":{"line":66,"column":21},"end":{"line":66,"column":30}}},"16":{"name":"initialState","decl":{"start":{"line":91,"column":16},"end":{"line":91,"column":28}},"loc":{"start":{"line":91,"column":50},"end":{"line":101,"column":1}}},"17":{"name":"(anonymous_20)","decl":{"start":{"line":94,"column":12},"end":{"line":94,"column":13}},"loc":{"start":{"line":94,"column":19},"end":{"line":95,"column":10}}},"18":{"name":"(anonymous_21)","decl":{"start":{"line":97,"column":14},"end":{"line":97,"column":15}},"loc":{"start":{"line":97,"column":20},"end":{"line":97,"column":40}}},"19":{"name":"move","decl":{"start":{"line":103,"column":16},"end":{"line":103,"column":20}},"loc":{"start":{"line":103,"column":37},"end":{"line":316,"column":1}}},"20":{"name":"(anonymous_23)","decl":{"start":{"line":104,"column":9},"end":{"line":104,"column":10}},"loc":{"start":{"line":104,"column":29},"end":{"line":315,"column":3}}},"21":{"name":"nextMove","decl":{"start":{"line":318,"column":16},"end":{"line":318,"column":24}},"loc":{"start":{"line":318,"column":41},"end":{"line":320,"column":1}}},"22":{"name":"(anonymous_25)","decl":{"start":{"line":319,"column":9},"end":{"line":319,"column":13}},"loc":{"start":{"line":319,"column":41},"end":{"line":319,"column":50}}}},"branchMap":{"0":{"loc":{"start":{"line":15,"column":6},"end":{"line":17,"column":35}},"type":"cond-expr","locations":[{"start":{"line":15,"column":6},"end":{"line":17,"column":35}},{"start":{"line":18,"column":6},"end":{"line":18,"column":32}}]},"1":{"loc":{"start":{"line":16,"column":8},"end":{"line":16,"column":42}},"type":"cond-expr","locations":[{"start":{"line":16,"column":8},"end":{"line":16,"column":42}},{"start":{"line":17,"column":8},"end":{"line":17,"column":35}}]},"2":{"loc":{"start":{"line":39,"column":6},"end":{"line":41,"column":35}},"type":"cond-expr","locations":[{"start":{"line":39,"column":6},"end":{"line":41,"column":35}},{"start":{"line":42,"column":6},"end":{"line":42,"column":32}}]},"3":{"loc":{"start":{"line":40,"column":8},"end":{"line":40,"column":35}},"type":"cond-expr","locations":[{"start":{"line":40,"column":8},"end":{"line":40,"column":35}},{"start":{"line":41,"column":8},"end":{"line":41,"column":35}}]},"4":{"loc":{"start":{"line":54,"column":6},"end":{"line":54,"column":29}},"type":"cond-expr","locations":[{"start":{"line":54,"column":6},"end":{"line":54,"column":29}},{"start":{"line":55,"column":6},"end":{"line":55,"column":38}}]},"5":{"loc":{"start":{"line":106,"column":6},"end":{"line":157,"column":null}},"type":"switch","locations":[{"start":{"line":106,"column":6},"end":{"line":157,"column":null}},{"start":{"line":158,"column":6},"end":{"line":209,"column":null}},{"start":{"line":210,"column":6},"end":{"line":261,"column":null}},{"start":{"line":262,"column":6},"end":{"line":313,"column":null}}]},"6":{"loc":{"start":{"line":108,"column":10},"end":{"line":119,"column":null}},"type":"switch","locations":[{"start":{"line":108,"column":10},"end":{"line":119,"column":null}},{"start":{"line":120,"column":10},"end":{"line":131,"column":null}},{"start":{"line":132,"column":10},"end":{"line":143,"column":null}},{"start":{"line":144,"column":10},"end":{"line":155,"column":null}}]},"7":{"loc":{"start":{"line":160,"column":10},"end":{"line":171,"column":null}},"type":"switch","locations":[{"start":{"line":160,"column":10},"end":{"line":171,"column":null}},{"start":{"line":172,"column":10},"end":{"line":183,"column":null}},{"start":{"line":184,"column":10},"end":{"line":195,"column":null}},{"start":{"line":196,"column":10},"end":{"line":207,"column":null}}]},"8":{"loc":{"start":{"line":212,"column":10},"end":{"line":223,"column":null}},"type":"switch","locations":[{"start":{"line":212,"column":10},"end":{"line":223,"column":null}},{"start":{"line":224,"column":10},"end":{"line":235,"column":null}},{"start":{"line":236,"column":10},"end":{"line":247,"column":null}},{"start":{"line":248,"column":10},"end":{"line":259,"column":null}}]},"9":{"loc":{"start":{"line":264,"column":10},"end":{"line":275,"column":null}},"type":"switch","locations":[{"start":{"line":264,"column":10},"end":{"line":275,"column":null}},{"start":{"line":276,"column":10},"end":{"line":287,"column":null}},{"start":{"line":288,"column":10},"end":{"line":299,"column":null}},{"start":{"line":300,"column":10},"end":{"line":311,"column":null}}]}},"s":{"0":1,"1":1,"2":1,"3":1,"4":17,"5":17,"6":17,"7":1,"8":1,"9":17,"10":1,"11":1,"12":33,"13":33,"14":33,"15":1,"16":1,"17":1,"18":0,"19":1,"20":1,"21":1,"22":0,"23":1,"24":1,"25":1,"26":17,"27":17,"28":1,"29":1,"30":0,"31":1,"32":1,"33":1,"34":0,"35":1,"36":33,"37":33,"38":33,"39":1,"40":1,"41":17,"42":17,"43":17,"44":1,"45":17,"46":17,"47":17,"48":1,"49":16,"50":16,"51":4,"52":1,"53":1,"54":1,"55":1,"56":4,"57":1,"58":1,"59":1,"60":1,"61":4,"62":1,"63":1,"64":1,"65":1,"66":4,"67":1,"68":1,"69":1,"70":1,"71":1,"72":16,"73":16,"74":1},"f":{"0":1,"1":17,"2":17,"3":1,"4":33,"5":1,"6":1,"7":17,"8":17,"9":1,"10":0,"11":1,"12":33,"13":17,"14":17,"15":17,"16":17,"17":17,"18":17,"19":16,"20":16,"21":16,"22":16},"b":{"0":[17,0],"1":[17,0],"2":[17,0],"3":[17,0],"4":[0,0],"5":[4,4,4,4],"6":[1,1,1,1],"7":[1,1,1,1],"8":[1,1,1,1],"9":[1,1,1,1]}}
}
