TN:
SF:src/index.ts
FN:5,(anonymous_4)
FN:7,Planet
FN:10,makePlanet
FN:21,(anonymous_7)
FN:23,Position
FN:26,(anonymous_9)
FN:30,(anonymous_11)
FN:34,(anonymous_13)
FN:34,(anonymous_14)
FN:48,(anonymous_15)
FN:52,(anonymous_17)
FN:57,(anonymous_18)
FN:59,Rover
FN:62,makeRover
FN:63,(anonymous_21)
FN:66,(anonymous_22)
FN:86,(anonymous_23)
FN:88,Point
FN:97,initialState
FN:100,(anonymous_26)
FN:104,(anonymous_27)
FN:115,nextPosition
FN:131,move
FN:132,(anonymous_30)
FN:314,nextMove
FN:315,(anonymous_32)
FNF:26
FNH:25
FNDA:1,(anonymous_4)
FNDA:17,Planet
FNDA:17,makePlanet
FNDA:1,(anonymous_7)
FNDA:33,Position
FNDA:1,(anonymous_9)
FNDA:1,(anonymous_11)
FNDA:17,(anonymous_13)
FNDA:17,(anonymous_14)
FNDA:1,(anonymous_15)
FNDA:0,(anonymous_17)
FNDA:1,(anonymous_18)
FNDA:17,Rover
FNDA:17,makeRover
FNDA:17,(anonymous_21)
FNDA:17,(anonymous_22)
FNDA:1,(anonymous_23)
FNDA:33,Point
FNDA:17,initialState
FNDA:17,(anonymous_26)
FNDA:17,(anonymous_27)
FNDA:16,nextPosition
FNDA:16,move
FNDA:16,(anonymous_30)
FNDA:16,nextMove
FNDA:16,(anonymous_32)
DA:1,1
DA:2,1
DA:3,1
DA:5,1
DA:6,17
DA:7,17
DA:8,1
DA:10,1
DA:14,17
DA:21,1
DA:22,33
DA:23,33
DA:24,1
DA:26,1
DA:27,0
DA:28,1
DA:30,1
DA:31,0
DA:32,1
DA:34,17
DA:38,17
DA:44,1
DA:48,1
DA:49,0
DA:50,1
DA:52,1
DA:53,0
DA:57,1
DA:58,17
DA:59,17
DA:60,1
DA:62,1
DA:63,17
DA:64,17
DA:66,17
DA:86,1
DA:87,33
DA:88,33
DA:89,1
DA:97,1
DA:98,17
DA:101,17
DA:104,17
DA:115,1
DA:120,16
DA:131,1
DA:132,16
DA:133,16
DA:135,4
DA:137,1
DA:147,1
DA:157,1
DA:167,1
DA:179,4
DA:181,1
DA:191,1
DA:201,1
DA:211,1
DA:223,4
DA:225,1
DA:235,1
DA:245,1
DA:255,1
DA:267,4
DA:269,1
DA:279,1
DA:289,1
DA:299,1
DA:314,1
DA:315,16
LF:70
LH:66
BRDA:15,0,0,17
BRDA:15,0,1,0
BRDA:16,1,0,17
BRDA:16,1,1,0
BRDA:39,2,0,17
BRDA:39,2,1,0
BRDA:40,3,0,17
BRDA:40,3,1,0
BRDA:54,4,0,0
BRDA:54,4,1,0
BRDA:134,5,0,4
BRDA:134,5,1,4
BRDA:134,5,2,4
BRDA:134,5,3,4
BRDA:136,6,0,1
BRDA:136,6,1,1
BRDA:136,6,2,1
BRDA:136,6,3,1
BRDA:180,7,0,1
BRDA:180,7,1,1
BRDA:180,7,2,1
BRDA:180,7,3,1
BRDA:224,8,0,1
BRDA:224,8,1,1
BRDA:224,8,2,1
BRDA:224,8,3,1
BRDA:268,9,0,1
BRDA:268,9,1,1
BRDA:268,9,2,1
BRDA:268,9,3,1
BRF:30
BRH:24
end_of_record
