TN:
SF:src/index.ts
FN:5,(anonymous_0)
FN:7,Planet
FN:10,makePlanet
FN:21,(anonymous_3)
FN:23,Position
FN:26,(anonymous_5)
FN:30,(anonymous_7)
FN:34,(anonymous_9)
FN:34,(anonymous_10)
FN:48,(anonymous_11)
FN:52,(anonymous_13)
FN:57,(anonymous_14)
FN:59,Rover
FN:62,makeRover
FN:63,(anonymous_17)
FN:66,(anonymous_18)
FN:91,initialState
FN:94,(anonymous_20)
FN:97,(anonymous_21)
FN:103,move
FN:104,(anonymous_23)
FN:318,nextMove
FN:319,(anonymous_25)
FNF:23
FNH:22
FNDA:1,(anonymous_0)
FNDA:17,Planet
FNDA:17,makePlanet
FNDA:1,(anonymous_3)
FNDA:33,Position
FNDA:1,(anonymous_5)
FNDA:1,(anonymous_7)
FNDA:17,(anonymous_9)
FNDA:17,(anonymous_10)
FNDA:1,(anonymous_11)
FNDA:0,(anonymous_13)
FNDA:1,(anonymous_14)
FNDA:33,Rover
FNDA:17,makeRover
FNDA:17,(anonymous_17)
FNDA:17,(anonymous_18)
FNDA:17,initialState
FNDA:17,(anonymous_20)
FNDA:17,(anonymous_21)
FNDA:16,move
FNDA:16,(anonymous_23)
FNDA:16,nextMove
FNDA:16,(anonymous_25)
DA:1,1
DA:2,1
DA:3,1
DA:5,1
DA:6,17
DA:7,17
DA:8,1
DA:10,1
DA:14,17
DA:21,1
DA:22,33
DA:23,33
DA:24,1
DA:26,1
DA:27,0
DA:28,1
DA:30,1
DA:31,0
DA:32,1
DA:34,17
DA:38,17
DA:44,1
DA:48,1
DA:49,0
DA:50,1
DA:52,1
DA:53,0
DA:57,1
DA:58,33
DA:59,33
DA:60,1
DA:62,1
DA:63,17
DA:64,17
DA:66,17
DA:91,1
DA:92,17
DA:95,17
DA:97,17
DA:103,1
DA:104,16
DA:105,16
DA:107,4
DA:109,1
DA:121,1
DA:133,1
DA:145,1
DA:159,4
DA:161,1
DA:173,1
DA:185,1
DA:197,1
DA:211,4
DA:213,1
DA:225,1
DA:237,1
DA:249,1
DA:263,4
DA:265,1
DA:277,1
DA:289,1
DA:301,1
DA:318,1
DA:319,16
LF:64
LH:60
BRDA:15,0,0,17
BRDA:15,0,1,0
BRDA:16,1,0,17
BRDA:16,1,1,0
BRDA:39,2,0,17
BRDA:39,2,1,0
BRDA:40,3,0,17
BRDA:40,3,1,0
BRDA:54,4,0,0
BRDA:54,4,1,0
BRDA:106,5,0,4
BRDA:106,5,1,4
BRDA:106,5,2,4
BRDA:106,5,3,4
BRDA:108,6,0,1
BRDA:108,6,1,1
BRDA:108,6,2,1
BRDA:108,6,3,1
BRDA:160,7,0,1
BRDA:160,7,1,1
BRDA:160,7,2,1
BRDA:160,7,3,1
BRDA:212,8,0,1
BRDA:212,8,1,1
BRDA:212,8,2,1
BRDA:212,8,3,1
BRDA:264,9,0,1
BRDA:264,9,1,1
BRDA:264,9,2,1
BRDA:264,9,3,1
BRF:30
BRH:24
end_of_record
